This is pdfTeX, Version 3.14159265-2.6-1.40.21 (TeX Live 2020/W32TeX) (preloaded format=pdflatex 2020.10.9)  22 MAR 2021 20:45
entering extended mode
 restricted \write18 enabled.
 %&-line parsing enabled.
**10.tex
(./10.tex
LaTeX2e <2020-10-01>
L3 programming layer <2020-10-05> xparse <2020-03-03>
! Undefined control sequence.
l.1 \section
            {–†–µ–ø–∞—Ä–∞—Ü–∏—è –î–ù–ö. –≠–∫—Å—Ü–∏–∑–∏–æ–Ω–Ω–∞—è —Ä–µ–ø–∞—Ä–...
The control sequence at the end of the top line
of your error message was never \def'ed. If you have
misspelled it (e.g., `\hobx'), type `I' and the correct
spelling (e.g., `I\hbox'). Otherwise just continue,
and I'll forget about whatever was undefined.


! Package inputenc Error: Unicode character –† (U+0420)
(inputenc)                not set up for use with LaTeX.

See the inputenc package documentation for explanation.
Type  H <return>  for immediate help.
 ...                                              
                                                  
l.1 \section{–†
               –µ–ø–∞—Ä–∞—Ü–∏—è –î–ù–ö. –≠–∫—Å—Ü–∏–∑–∏–æ–Ω–Ω–∞—è —Ä–µ–ø–∞—Ä–...

You may provide a definition with
\DeclareUnicodeCharacter 


! Package inputenc Error: Unicode character –µ (U+0435)
(inputenc)                not set up for use with LaTeX.

See the inputenc package documentation for explanation.
Type  H <return>  for immediate help.
 ...                                              
                                                  
l.1 \section{–†–µ
                 –ø–∞—Ä–∞—Ü–∏—è –î–ù–ö. –≠–∫—Å—Ü–∏–∑–∏–æ–Ω–Ω–∞—è —Ä–µ–ø–∞—Ä–...

You may provide a definition with
\DeclareUnicodeCharacter 


! Package inputenc Error: Unicode character –ø (U+043F)
(inputenc)                not set up for use with LaTeX.

See the inputenc package documentation for explanation.
Type  H <return>  for immediate help.
 ...                                              
                                                  
l.1 \section{–†–µ–ø
                   –∞—Ä–∞—Ü–∏—è –î–ù–ö. –≠–∫—Å—Ü–∏–∑–∏–æ–Ω–Ω–∞—è —Ä–µ–ø–∞—Ä–...

You may provide a definition with
\DeclareUnicodeCharacter 


! Package inputenc Error: Unicode character –∞ (U+0430)
(inputenc)                not set up for use with LaTeX.

See the inputenc package documentation for explanation.
Type  H <return>  for immediate help.
 ...                                              
                                                  
l.1 \section{–†–µ–ø–∞
                     —Ä–∞—Ü–∏—è –î–ù–ö. –≠–∫—Å—Ü–∏–∑–∏–æ–Ω–Ω–∞—è —Ä–µ–ø–∞—Ä–...

You may provide a definition with
\DeclareUnicodeCharacter 


! Package inputenc Error: Unicode character —Ä (U+0440)
(inputenc)                not set up for use with LaTeX.

See the inputenc package documentation for explanation.
Type  H <return>  for immediate help.
 ...                                              
                                                  
l.1 \section{–†–µ–ø–∞—Ä
                       –∞—Ü–∏—è –î–ù–ö. –≠–∫—Å—Ü–∏–∑–∏–æ–Ω–Ω–∞—è —Ä–µ–ø–∞—Ä–...

You may provide a definition with
\DeclareUnicodeCharacter 


! Package inputenc Error: Unicode character –∞ (U+0430)
(inputenc)                not set up for use with LaTeX.

See the inputenc package documentation for explanation.
Type  H <return>  for immediate help.
 ...                                              
                                                  
l.1 \section{–†–µ–ø–∞—Ä–∞
                         —Ü–∏—è –î–ù–ö. –≠–∫—Å—Ü–∏–∑–∏–æ–Ω–Ω–∞—è —Ä–µ–ø–∞—Ä–...

You may provide a definition with
\DeclareUnicodeCharacter 


! Package inputenc Error: Unicode character —Ü (U+0446)
(inputenc)                not set up for use with LaTeX.

See the inputenc package documentation for explanation.
Type  H <return>  for immediate help.
 ...                                              
                                                  
l.1 \section{–†–µ–ø–∞—Ä–∞—Ü
                           –∏—è –î–ù–ö. –≠–∫—Å—Ü–∏–∑–∏–æ–Ω–Ω–∞—è —Ä–µ–ø–∞—Ä–...

You may provide a definition with
\DeclareUnicodeCharacter 


! Package inputenc Error: Unicode character –∏ (U+0438)
(inputenc)                not set up for use with LaTeX.

See the inputenc package documentation for explanation.
Type  H <return>  for immediate help.
 ...                                              
                                                  
l.1 \section{–†–µ–ø–∞—Ä–∞—Ü–∏
                             —è –î–ù–ö. –≠–∫—Å—Ü–∏–∑–∏–æ–Ω–Ω–∞—è —Ä–µ–ø–∞—Ä–...

You may provide a definition with
\DeclareUnicodeCharacter 


! Package inputenc Error: Unicode character —è (U+044F)
(inputenc)                not set up for use with LaTeX.

See the inputenc package documentation for explanation.
Type  H <return>  for immediate help.
 ...                                              
                                                  
l.1 \section{–†–µ–ø–∞—Ä–∞—Ü–∏—è
                                –î–ù–ö. –≠–∫—Å—Ü–∏–∑–∏–æ–Ω–Ω–∞—è —Ä–µ–ø–∞—Ä–...

You may provide a definition with
\DeclareUnicodeCharacter 


! Package inputenc Error: Unicode character –î (U+0414)
(inputenc)                not set up for use with LaTeX.

See the inputenc package documentation for explanation.
Type  H <return>  for immediate help.
 ...                                              
                                                  
l.1 \section{–†–µ–ø–∞—Ä–∞—Ü–∏—è –î
                                  –ù–ö. –≠–∫—Å—Ü–∏–∑–∏–æ–Ω–Ω–∞—è —Ä–µ–ø–∞—Ä–...

You may provide a definition with
\DeclareUnicodeCharacter 


! Package inputenc Error: Unicode character –ù (U+041D)
(inputenc)                not set up for use with LaTeX.

See the inputenc package documentation for explanation.
Type  H <return>  for immediate help.
 ...                                              
                                                  
l.1 \section{–†–µ–ø–∞—Ä–∞—Ü–∏—è –î–ù
                                    –ö. –≠–∫—Å—Ü–∏–∑–∏–æ–Ω–Ω–∞—è —Ä–µ–ø–∞—Ä–...

You may provide a definition with
\DeclareUnicodeCharacter 


! Package inputenc Error: Unicode character –ö (U+041A)
(inputenc)                not set up for use with LaTeX.

See the inputenc package documentation for explanation.
Type  H <return>  for immediate help.
 ...                                              
                                                  
l.1 \section{–†–µ–ø–∞—Ä–∞—Ü–∏—è –î–ù–ö
                                      . –≠–∫—Å—Ü–∏–∑–∏–æ–Ω–Ω–∞—è —Ä–µ–ø–∞—Ä–...

You may provide a definition with
\DeclareUnicodeCharacter 


! LaTeX Error: Missing \begin{document}.

See the LaTeX manual or LaTeX Companion for explanation.
Type  H <return>  for immediate help.
 ...                                              
                                                  
l.1 \section{–†–µ–ø–∞—Ä–∞—Ü–∏—è –î–ù–ö.
                                        –≠–∫—Å—Ü–∏–∑–∏–æ–Ω–Ω–∞—è —Ä–µ–ø–∞—Ä–...

You're in trouble here.  Try typing  <return>  to proceed.
If that doesn't work, type  X <return>  to quit.

Missing character: There is no . in font nullfont!

! Package inputenc Error: Unicode character –≠ (U+042D)
(inputenc)                not set up for use with LaTeX.

See the inputenc package documentation for explanation.
Type  H <return>  for immediate help.
 ...                                              
                                                  
l.1 \section{–†–µ–ø–∞—Ä–∞—Ü–∏—è –î–ù–ö. –≠
                                          –∫—Å—Ü–∏–∑–∏–æ–Ω–Ω–∞—è —Ä–µ–ø–∞—Ä–...

You may provide a definition with
\DeclareUnicodeCharacter 


! Package inputenc Error: Unicode character –∫ (U+043A)
(inputenc)                not set up for use with LaTeX.

See the inputenc package documentation for explanation.
Type  H <return>  for immediate help.
 ...                                              
                                                  
l.1 \section{–†–µ–ø–∞—Ä–∞—Ü–∏—è –î–ù–ö. –≠–∫
                                            —Å—Ü–∏–∑–∏–æ–Ω–Ω–∞—è —Ä–µ–ø–∞—Ä–...

You may provide a definition with
\DeclareUnicodeCharacter 


! Package inputenc Error: Unicode character —Å (U+0441)
(inputenc)                not set up for use with LaTeX.

See the inputenc package documentation for explanation.
Type  H <return>  for immediate help.
 ...                                              
                                                  
l.1 \section{–†–µ–ø–∞—Ä–∞—Ü–∏—è –î–ù–ö. –≠–∫—Å
                                              —Ü–∏–∑–∏–æ–Ω–Ω–∞—è —Ä–µ–ø–∞—Ä–...

You may provide a definition with
\DeclareUnicodeCharacter 


! Package inputenc Error: Unicode character —Ü (U+0446)
(inputenc)                not set up for use with LaTeX.

See the inputenc package documentation for explanation.
Type  H <return>  for immediate help.
 ...                                              
                                                  
l.1 \section{–†–µ–ø–∞—Ä–∞—Ü–∏—è –î–ù–ö. –≠–∫—Å—Ü
                                                –∏–∑–∏–æ–Ω–Ω–∞—è —Ä–µ–ø–∞—Ä–...

You may provide a definition with
\DeclareUnicodeCharacter 


! Package inputenc Error: Unicode character –∏ (U+0438)
(inputenc)                not set up for use with LaTeX.

See the inputenc package documentation for explanation.
Type  H <return>  for immediate help.
 ...                                              
                                                  
l.1 \section{–†–µ–ø–∞—Ä–∞—Ü–∏—è –î–ù–ö. –≠–∫—Å—Ü–∏
                                                  –∑–∏–æ–Ω–Ω–∞—è —Ä–µ–ø–∞—Ä–...

You may provide a definition with
\DeclareUnicodeCharacter 


! Package inputenc Error: Unicode character –∑ (U+0437)
(inputenc)                not set up for use with LaTeX.

See the inputenc package documentation for explanation.
Type  H <return>  for immediate help.
 ...                                              
                                                  
l.1 ...ion{–†–µ–ø–∞—Ä–∞—Ü–∏—è –î–ù–ö. –≠–∫—Å—Ü–∏–∑
                                                  –∏–æ–Ω–Ω–∞—è —Ä–µ–ø–∞—Ä–∞—...

You may provide a definition with
\DeclareUnicodeCharacter 


! Package inputenc Error: Unicode character –∏ (U+0438)
(inputenc)                not set up for use with LaTeX.

See the inputenc package documentation for explanation.
Type  H <return>  for immediate help.
 ...                                              
                                                  
l.1 ...n{–†–µ–ø–∞—Ä–∞—Ü–∏—è –î–ù–ö. –≠–∫—Å—Ü–∏–∑–∏
                                                  –æ–Ω–Ω–∞—è —Ä–µ–ø–∞—Ä–∞—Ü–...

You may provide a definition with
\DeclareUnicodeCharacter 


! Package inputenc Error: Unicode character –æ (U+043E)
(inputenc)                not set up for use with LaTeX.

See the inputenc package documentation for explanation.
Type  H <return>  for immediate help.
 ...                                              
                                                  
l.1 ...–†–µ–ø–∞—Ä–∞—Ü–∏—è –î–ù–ö. –≠–∫—Å—Ü–∏–∑–∏–æ
                                                  –Ω–Ω–∞—è —Ä–µ–ø–∞—Ä–∞—Ü–∏—...

You may provide a definition with
\DeclareUnicodeCharacter 


! Package inputenc Error: Unicode character –Ω (U+043D)
(inputenc)                not set up for use with LaTeX.

See the inputenc package documentation for explanation.
Type  H <return>  for immediate help.
 ...                                              
                                                  
l.1 ...–µ–ø–∞—Ä–∞—Ü–∏—è –î–ù–ö. –≠–∫—Å—Ü–∏–∑–∏–æ–Ω
                                                  –Ω–∞—è —Ä–µ–ø–∞—Ä–∞—Ü–∏—è ...

You may provide a definition with
\DeclareUnicodeCharacter 


! Package inputenc Error: Unicode character –Ω (U+043D)
(inputenc)                not set up for use with LaTeX.

See the inputenc package documentation for explanation.
Type  H <return>  for immediate help.
 ...                                              
                                                  
l.1 ...–ø–∞—Ä–∞—Ü–∏—è –î–ù–ö. –≠–∫—Å—Ü–∏–∑–∏–æ–Ω–Ω
                                                  –∞—è —Ä–µ–ø–∞—Ä–∞—Ü–∏—è NE...

You may provide a definition with
\DeclareUnicodeCharacter 


! Package inputenc Error: Unicode character –∞ (U+0430)
(inputenc)                not set up for use with LaTeX.

See the inputenc package documentation for explanation.
Type  H <return>  for immediate help.
 ...                                              
                                                  
l.1 ...–∞—Ä–∞—Ü–∏—è –î–ù–ö. –≠–∫—Å—Ü–∏–∑–∏–æ–Ω–Ω–∞
                                                  —è —Ä–µ–ø–∞—Ä–∞—Ü–∏—è NER ...

You may provide a definition with
\DeclareUnicodeCharacter 


! Package inputenc Error: Unicode character —è (U+044F)
(inputenc)                not set up for use with LaTeX.

See the inputenc package documentation for explanation.
Type  H <return>  for immediate help.
 ...                                              
                                                  
l.1 ...—Ä–∞—Ü–∏—è –î–ù–ö. –≠–∫—Å—Ü–∏–∑–∏–æ–Ω–Ω–∞—è
                                                   —Ä–µ–ø–∞—Ä–∞—Ü–∏—è NER –∏...

You may provide a definition with
\DeclareUnicodeCharacter 


! Package inputenc Error: Unicode character —Ä (U+0440)
(inputenc)                not set up for use with LaTeX.

See the inputenc package documentation for explanation.
Type  H <return>  for immediate help.
 ...                                              
                                                  
l.1 ...∞—Ü–∏—è –î–ù–ö. –≠–∫—Å—Ü–∏–∑–∏–æ–Ω–Ω–∞—è —Ä
                                                  –µ–ø–∞—Ä–∞—Ü–∏—è NER –∏ BE...

You may provide a definition with
\DeclareUnicodeCharacter 


! Package inputenc Error: Unicode character –µ (U+0435)
(inputenc)                not set up for use with LaTeX.

See the inputenc package documentation for explanation.
Type  H <return>  for immediate help.
 ...                                              
                                                  
l.1 ...Ü–∏—è –î–ù–ö. –≠–∫—Å—Ü–∏–∑–∏–æ–Ω–Ω–∞—è —Ä–µ
                                                  –ø–∞—Ä–∞—Ü–∏—è NER –∏ BER....

You may provide a definition with
\DeclareUnicodeCharacter 


! Package inputenc Error: Unicode character –ø (U+043F)
(inputenc)                not set up for use with LaTeX.

See the inputenc package documentation for explanation.
Type  H <return>  for immediate help.
 ...                                              
                                                  
l.1 ...∏—è –î–ù–ö. –≠–∫—Å—Ü–∏–∑–∏–æ–Ω–Ω–∞—è —Ä–µ–ø
                                                  –∞—Ä–∞—Ü–∏—è NER –∏ BER. –...

You may provide a definition with
\DeclareUnicodeCharacter 


! Package inputenc Error: Unicode character –∞ (U+0430)
(inputenc)                not set up for use with LaTeX.

See the inputenc package documentation for explanation.
Type  H <return>  for immediate help.
 ...                                              
                                                  
l.1 ...è –î–ù–ö. –≠–∫—Å—Ü–∏–∑–∏–æ–Ω–Ω–∞—è —Ä–µ–ø–∞
                                                  —Ä–∞—Ü–∏—è NER –∏ BER. –ë–...

You may provide a definition with
\DeclareUnicodeCharacter 


! Package inputenc Error: Unicode character —Ä (U+0440)
(inputenc)                not set up for use with LaTeX.

See the inputenc package documentation for explanation.
Type  H <return>  for immediate help.
 ...                                              
                                                  
l.1 ...–î–ù–ö. –≠–∫—Å—Ü–∏–∑–∏–æ–Ω–Ω–∞—è —Ä–µ–ø–∞—Ä
                                                  –∞—Ü–∏—è NER –∏ BER. –ë–µ–...

You may provide a definition with
\DeclareUnicodeCharacter 


! Package inputenc Error: Unicode character –∞ (U+0430)
(inputenc)                not set up for use with LaTeX.

See the inputenc package documentation for explanation.
Type  H <return>  for immediate help.
 ...                                              
                                                  
l.1 ...–ù–ö. –≠–∫—Å—Ü–∏–∑–∏–æ–Ω–Ω–∞—è —Ä–µ–ø–∞—Ä–∞
                                                  —Ü–∏—è NER –∏ BER. –ë–µ–ª–...

You may provide a definition with
\DeclareUnicodeCharacter 


! Package inputenc Error: Unicode character —Ü (U+0446)
(inputenc)                not set up for use with LaTeX.

See the inputenc package documentation for explanation.
Type  H <return>  for immediate help.
 ...                                              
                                                  
l.1 ...–ö. –≠–∫—Å—Ü–∏–∑–∏–æ–Ω–Ω–∞—è —Ä–µ–ø–∞—Ä–∞—Ü
                                                  –∏—è NER –∏ BER. –ë–µ–ª–∫–...

You may provide a definition with
\DeclareUnicodeCharacter 


! Package inputenc Error: Unicode character –∏ (U+0438)
(inputenc)                not set up for use with LaTeX.

See the inputenc package documentation for explanation.
Type  H <return>  for immediate help.
 ...                                              
                                                  
l.1 .... –≠–∫—Å—Ü–∏–∑–∏–æ–Ω–Ω–∞—è —Ä–µ–ø–∞—Ä–∞—Ü–∏
                                                  —è NER –∏ BER. –ë–µ–ª–∫–∏ ...

You may provide a definition with
\DeclareUnicodeCharacter 


! Package inputenc Error: Unicode character —è (U+044F)
(inputenc)                not set up for use with LaTeX.

See the inputenc package documentation for explanation.
Type  H <return>  for immediate help.
 ...                                              
                                                  
l.1 ...–≠–∫—Å—Ü–∏–∑–∏–æ–Ω–Ω–∞—è —Ä–µ–ø–∞—Ä–∞—Ü–∏—è
                                                   NER –∏ BER. –ë–µ–ª–∫–∏ —ç...

You may provide a definition with
\DeclareUnicodeCharacter 

Missing character: There is no N in font nullfont!
Missing character: There is no E in font nullfont!
Missing character: There is no R in font nullfont!

! Package inputenc Error: Unicode character –∏ (U+0438)
(inputenc)                not set up for use with LaTeX.

See the inputenc package documentation for explanation.
Type  H <return>  for immediate help.
 ...                                              
                                                  
l.1 ...Ü–∏–∑–∏–æ–Ω–Ω–∞—è —Ä–µ–ø–∞—Ä–∞—Ü–∏—è NER –∏
                                                   BER. –ë–µ–ª–∫–∏ —ç–∫—Å—Ü–...

You may provide a definition with
\DeclareUnicodeCharacter 

Missing character: There is no B in font nullfont!
Missing character: There is no E in font nullfont!
Missing character: There is no R in font nullfont!
Missing character: There is no . in font nullfont!

! Package inputenc Error: Unicode character –ë (U+0411)
(inputenc)                not set up for use with LaTeX.

See the inputenc package documentation for explanation.
Type  H <return>  for immediate help.
 ...                                              
                                                  
l.1 ...æ–Ω–Ω–∞—è —Ä–µ–ø–∞—Ä–∞—Ü–∏—è NER –∏ BER. –ë
                                                  –µ–ª–∫–∏ —ç–∫—Å—Ü–∏–∑–∏–æ–...

You may provide a definition with
\DeclareUnicodeCharacter 


! Package inputenc Error: Unicode character –µ (U+0435)
(inputenc)                not set up for use with LaTeX.

See the inputenc package documentation for explanation.
Type  H <return>  for immediate help.
 ...                                              
                                                  
l.1 ...Ω–Ω–∞—è —Ä–µ–ø–∞—Ä–∞—Ü–∏—è NER –∏ BER. –ë–µ
                                                  –ª–∫–∏ —ç–∫—Å—Ü–∏–∑–∏–æ–Ω–...

You may provide a definition with
\DeclareUnicodeCharacter 


! Package inputenc Error: Unicode character –ª (U+043B)
(inputenc)                not set up for use with LaTeX.

See the inputenc package documentation for explanation.
Type  H <return>  for immediate help.
 ...                                              
                                                  
l.1 ...Ω–∞—è —Ä–µ–ø–∞—Ä–∞—Ü–∏—è NER –∏ BER. –ë–µ–ª
                                                  –∫–∏ —ç–∫—Å—Ü–∏–∑–∏–æ–Ω–Ω–...

You may provide a definition with
\DeclareUnicodeCharacter 


! Package inputenc Error: Unicode character –∫ (U+043A)
(inputenc)                not set up for use with LaTeX.

See the inputenc package documentation for explanation.
Type  H <return>  for immediate help.
 ...                                              
                                                  
l.1 ...∞—è —Ä–µ–ø–∞—Ä–∞—Ü–∏—è NER –∏ BER. –ë–µ–ª–∫
                                                  –∏ —ç–∫—Å—Ü–∏–∑–∏–æ–Ω–Ω–æ–...

You may provide a definition with
\DeclareUnicodeCharacter 


! Package inputenc Error: Unicode character –∏ (U+0438)
(inputenc)                not set up for use with LaTeX.

See the inputenc package documentation for explanation.
Type  H <return>  for immediate help.
 ...                                              
                                                  
l.1 ...è —Ä–µ–ø–∞—Ä–∞—Ü–∏—è NER –∏ BER. –ë–µ–ª–∫–∏
                                                   —ç–∫—Å—Ü–∏–∑–∏–æ–Ω–Ω–æ–π ...

You may provide a definition with
\DeclareUnicodeCharacter 


! Package inputenc Error: Unicode character —ç (U+044D)
(inputenc)                not set up for use with LaTeX.

See the inputenc package documentation for explanation.
Type  H <return>  for immediate help.
 ...                                              
                                                  
l.1 ...Ä–µ–ø–∞—Ä–∞—Ü–∏—è NER –∏ BER. –ë–µ–ª–∫–∏ —ç
                                                  –∫—Å—Ü–∏–∑–∏–æ–Ω–Ω–æ–π —Ä–...

You may provide a definition with
\DeclareUnicodeCharacter 


! Package inputenc Error: Unicode character –∫ (U+043A)
(inputenc)                not set up for use with LaTeX.

See the inputenc package documentation for explanation.
Type  H <return>  for immediate help.
 ...                                              
                                                  
l.1 ...µ–ø–∞—Ä–∞—Ü–∏—è NER –∏ BER. –ë–µ–ª–∫–∏ —ç–∫
                                                  —Å—Ü–∏–∑–∏–æ–Ω–Ω–æ–π —Ä–µ–...

You may provide a definition with
\DeclareUnicodeCharacter 


! Package inputenc Error: Unicode character —Å (U+0441)
(inputenc)                not set up for use with LaTeX.

See the inputenc package documentation for explanation.
Type  H <return>  for immediate help.
 ...                                              
                                                  
l.1 ...ø–∞—Ä–∞—Ü–∏—è NER –∏ BER. –ë–µ–ª–∫–∏ —ç–∫—Å
                                                  —Ü–∏–∑–∏–æ–Ω–Ω–æ–π —Ä–µ–ø–...

You may provide a definition with
\DeclareUnicodeCharacter 


! Package inputenc Error: Unicode character —Ü (U+0446)
(inputenc)                not set up for use with LaTeX.

See the inputenc package documentation for explanation.
Type  H <return>  for immediate help.
 ...                                              
                                                  
l.1 ...∞—Ä–∞—Ü–∏—è NER –∏ BER. –ë–µ–ª–∫–∏ —ç–∫—Å—Ü
                                                  –∏–∑–∏–æ–Ω–Ω–æ–π —Ä–µ–ø–∞—...

You may provide a definition with
\DeclareUnicodeCharacter 


! Package inputenc Error: Unicode character –∏ (U+0438)
(inputenc)                not set up for use with LaTeX.

See the inputenc package documentation for explanation.
Type  H <return>  for immediate help.
 ...                                              
                                                  
l.1 ...Ä–∞—Ü–∏—è NER –∏ BER. –ë–µ–ª–∫–∏ —ç–∫—Å—Ü–∏
                                                  –∑–∏–æ–Ω–Ω–æ–π —Ä–µ–ø–∞—Ä–...

You may provide a definition with
\DeclareUnicodeCharacter 


! Package inputenc Error: Unicode character –∑ (U+0437)
(inputenc)                not set up for use with LaTeX.

See the inputenc package documentation for explanation.
Type  H <return>  for immediate help.
 ...                                              
                                                  
l.1 ...∞—Ü–∏—è NER –∏ BER. –ë–µ–ª–∫–∏ —ç–∫—Å—Ü–∏–∑
                                                  –∏–æ–Ω–Ω–æ–π —Ä–µ–ø–∞—Ä–∞—...

You may provide a definition with
\DeclareUnicodeCharacter 


! Package inputenc Error: Unicode character –∏ (U+0438)
(inputenc)                not set up for use with LaTeX.

See the inputenc package documentation for explanation.
Type  H <return>  for immediate help.
 ...                                              
                                                  
l.1 ...Ü–∏—è NER –∏ BER. –ë–µ–ª–∫–∏ —ç–∫—Å—Ü–∏–∑–∏
                                                  –æ–Ω–Ω–æ–π —Ä–µ–ø–∞—Ä–∞—Ü–...

You may provide a definition with
\DeclareUnicodeCharacter 


! Package inputenc Error: Unicode character –æ (U+043E)
(inputenc)                not set up for use with LaTeX.

See the inputenc package documentation for explanation.
Type  H <return>  for immediate help.
 ...                                              
                                                  
l.1 ...∏—è NER –∏ BER. –ë–µ–ª–∫–∏ —ç–∫—Å—Ü–∏–∑–∏–æ
                                                  –Ω–Ω–æ–π —Ä–µ–ø–∞—Ä–∞—Ü–∏–...

You may provide a definition with
\DeclareUnicodeCharacter 


! Package inputenc Error: Unicode character –Ω (U+043D)
(inputenc)                not set up for use with LaTeX.

See the inputenc package documentation for explanation.
Type  H <return>  for immediate help.
 ...                                              
                                                  
l.1 ...è NER –∏ BER. –ë–µ–ª–∫–∏ —ç–∫—Å—Ü–∏–∑–∏–æ–Ω
                                                  –Ω–æ–π —Ä–µ–ø–∞—Ä–∞—Ü–∏–∏ ...

You may provide a definition with
\DeclareUnicodeCharacter 


! Package inputenc Error: Unicode character –Ω (U+043D)
(inputenc)                not set up for use with LaTeX.

See the inputenc package documentation for explanation.
Type  H <return>  for immediate help.
 ...                                              
                                                  
l.1 ...NER –∏ BER. –ë–µ–ª–∫–∏ —ç–∫—Å—Ü–∏–∑–∏–æ–Ω–Ω
                                                  –æ–π —Ä–µ–ø–∞—Ä–∞—Ü–∏–∏ (–...

You may provide a definition with
\DeclareUnicodeCharacter 


! Package inputenc Error: Unicode character –æ (U+043E)
(inputenc)                not set up for use with LaTeX.

See the inputenc package documentation for explanation.
Type  H <return>  for immediate help.
 ...                                              
                                                  
l.1 ...R –∏ BER. –ë–µ–ª–∫–∏ —ç–∫—Å—Ü–∏–∑–∏–æ–Ω–Ω–æ
                                                  –π —Ä–µ–ø–∞—Ä–∞—Ü–∏–∏ (–≥–...

You may provide a definition with
\DeclareUnicodeCharacter 


! Package inputenc Error: Unicode character –π (U+0439)
(inputenc)                not set up for use with LaTeX.

See the inputenc package documentation for explanation.
Type  H <return>  for immediate help.
 ...                                              
                                                  
l.1 ...–∏ BER. –ë–µ–ª–∫–∏ —ç–∫—Å—Ü–∏–∑–∏–æ–Ω–Ω–æ–π
                                                   —Ä–µ–ø–∞—Ä–∞—Ü–∏–∏ (–≥–ª–...

You may provide a definition with
\DeclareUnicodeCharacter 


! Package inputenc Error: Unicode character —Ä (U+0440)
(inputenc)                not set up for use with LaTeX.

See the inputenc package documentation for explanation.
Type  H <return>  for immediate help.
 ...                                              
                                                  
l.1 ...BER. –ë–µ–ª–∫–∏ —ç–∫—Å—Ü–∏–∑–∏–æ–Ω–Ω–æ–π —Ä
                                                  –µ–ø–∞—Ä–∞—Ü–∏–∏ (–≥–ª–∏–∫...

You may provide a definition with
\DeclareUnicodeCharacter 


! Package inputenc Error: Unicode character –µ (U+0435)
(inputenc)                not set up for use with LaTeX.

See the inputenc package documentation for explanation.
Type  H <return>  for immediate help.
 ...                                              
                                                  
l.1 ...R. –ë–µ–ª–∫–∏ —ç–∫—Å—Ü–∏–∑–∏–æ–Ω–Ω–æ–π —Ä–µ
                                                  –ø–∞—Ä–∞—Ü–∏–∏ (–≥–ª–∏–∫–æ...

You may provide a definition with
\DeclareUnicodeCharacter 


! Package inputenc Error: Unicode character –ø (U+043F)
(inputenc)                not set up for use with LaTeX.

See the inputenc package documentation for explanation.
Type  H <return>  for immediate help.
 ...                                              
                                                  
l.1 ... –ë–µ–ª–∫–∏ —ç–∫—Å—Ü–∏–∑–∏–æ–Ω–Ω–æ–π —Ä–µ–ø
                                                  –∞—Ä–∞—Ü–∏–∏ (–≥–ª–∏–∫–æ–∑...

You may provide a definition with
\DeclareUnicodeCharacter 


! Package inputenc Error: Unicode character –∞ (U+0430)
(inputenc)                not set up for use with LaTeX.

See the inputenc package documentation for explanation.
Type  H <return>  for immediate help.
 ...                                              
                                                  
l.1 ...ë–µ–ª–∫–∏ —ç–∫—Å—Ü–∏–∑–∏–æ–Ω–Ω–æ–π —Ä–µ–ø–∞
                                                  —Ä–∞—Ü–∏–∏ (–≥–ª–∏–∫–æ–∑–∏...

You may provide a definition with
\DeclareUnicodeCharacter 


! Package inputenc Error: Unicode character —Ä (U+0440)
(inputenc)                not set up for use with LaTeX.

See the inputenc package documentation for explanation.
Type  H <return>  for immediate help.
 ...                                              
                                                  
l.1 ...µ–ª–∫–∏ —ç–∫—Å—Ü–∏–∑–∏–æ–Ω–Ω–æ–π —Ä–µ–ø–∞—Ä
                                                  –∞—Ü–∏–∏ (–≥–ª–∏–∫–æ–∑–∏–ª...

You may provide a definition with
\DeclareUnicodeCharacter 


! Package inputenc Error: Unicode character –∞ (U+0430)
(inputenc)                not set up for use with LaTeX.

See the inputenc package documentation for explanation.
Type  H <return>  for immediate help.
 ...                                              
                                                  
l.1 ...ª–∫–∏ —ç–∫—Å—Ü–∏–∑–∏–æ–Ω–Ω–æ–π —Ä–µ–ø–∞—Ä–∞
                                                  —Ü–∏–∏ (–≥–ª–∏–∫–æ–∑–∏–ª–∞...

You may provide a definition with
\DeclareUnicodeCharacter 


! Package inputenc Error: Unicode character —Ü (U+0446)
(inputenc)                not set up for use with LaTeX.

See the inputenc package documentation for explanation.
Type  H <return>  for immediate help.
 ...                                              
                                                  
l.1 ...∫–∏ —ç–∫—Å—Ü–∏–∑–∏–æ–Ω–Ω–æ–π —Ä–µ–ø–∞—Ä–∞—Ü
                                                  –∏–∏ (–≥–ª–∏–∫–æ–∑–∏–ª–∞–∑...

You may provide a definition with
\DeclareUnicodeCharacter 


! Package inputenc Error: Unicode character –∏ (U+0438)
(inputenc)                not set up for use with LaTeX.

See the inputenc package documentation for explanation.
Type  H <return>  for immediate help.
 ...                                              
                                                  
l.1 ...∏ —ç–∫—Å—Ü–∏–∑–∏–æ–Ω–Ω–æ–π —Ä–µ–ø–∞—Ä–∞—Ü–∏
                                                  –∏ (–≥–ª–∏–∫–æ–∑–∏–ª–∞–∑—ã...

You may provide a definition with
\DeclareUnicodeCharacter 


! Package inputenc Error: Unicode character –∏ (U+0438)
(inputenc)                not set up for use with LaTeX.

See the inputenc package documentation for explanation.
Type  H <return>  for immediate help.
 ...                                              
                                                  
l.1 ...—ç–∫—Å—Ü–∏–∑–∏–æ–Ω–Ω–æ–π —Ä–µ–ø–∞—Ä–∞—Ü–∏–∏
                                                   (–≥–ª–∏–∫–æ–∑–∏–ª–∞–∑—ã, ...

You may provide a definition with
\DeclareUnicodeCharacter 

Missing character: There is no ( in font nullfont!

! Package inputenc Error: Unicode character –≥ (U+0433)
(inputenc)                not set up for use with LaTeX.

See the inputenc package documentation for explanation.
Type  H <return>  for immediate help.
 ...                                              
                                                  
l.1 ...—Å—Ü–∏–∑–∏–æ–Ω–Ω–æ–π —Ä–µ–ø–∞—Ä–∞—Ü–∏–∏ (–≥
                                                  –ª–∏–∫–æ–∑–∏–ª–∞–∑—ã, –ê–ü...

You may provide a definition with
\DeclareUnicodeCharacter 


! Package inputenc Error: Unicode character –ª (U+043B)
(inputenc)                not set up for use with LaTeX.

See the inputenc package documentation for explanation.
Type  H <return>  for immediate help.
 ...                                              
                                                  
l.1 ...—Ü–∏–∑–∏–æ–Ω–Ω–æ–π —Ä–µ–ø–∞—Ä–∞—Ü–∏–∏ (–≥–ª
                                                  –∏–∫–æ–∑–∏–ª–∞–∑—ã, –ê–ü-–...

You may provide a definition with
\DeclareUnicodeCharacter 


! Package inputenc Error: Unicode character –∏ (U+0438)
(inputenc)                not set up for use with LaTeX.

See the inputenc package documentation for explanation.
Type  H <return>  for immediate help.
 ...                                              
                                                  
l.1 ...–∏–∑–∏–æ–Ω–Ω–æ–π —Ä–µ–ø–∞—Ä–∞—Ü–∏–∏ (–≥–ª–∏
                                                  –∫–æ–∑–∏–ª–∞–∑—ã, –ê–ü-–Ω—...

You may provide a definition with
\DeclareUnicodeCharacter 


! Package inputenc Error: Unicode character –∫ (U+043A)
(inputenc)                not set up for use with LaTeX.

See the inputenc package documentation for explanation.
Type  H <return>  for immediate help.
 ...                                              
                                                  
l.1 ...–∑–∏–æ–Ω–Ω–æ–π —Ä–µ–ø–∞—Ä–∞—Ü–∏–∏ (–≥–ª–∏–∫
                                                  –æ–∑–∏–ª–∞–∑—ã, –ê–ü-–Ω—É–...

You may provide a definition with
\DeclareUnicodeCharacter 


! Package inputenc Error: Unicode character –æ (U+043E)
(inputenc)                not set up for use with LaTeX.

See the inputenc package documentation for explanation.
Type  H <return>  for immediate help.
 ...                                              
                                                  
l.1 ...–∏–æ–Ω–Ω–æ–π —Ä–µ–ø–∞—Ä–∞—Ü–∏–∏ (–≥–ª–∏–∫–æ
                                                  –∑–∏–ª–∞–∑—ã, –ê–ü-–Ω—É–∫–...

You may provide a definition with
\DeclareUnicodeCharacter 


! Package inputenc Error: Unicode character –∑ (U+0437)
(inputenc)                not set up for use with LaTeX.

See the inputenc package documentation for explanation.
Type  H <return>  for immediate help.
 ...                                              
                                                  
l.1 ...–æ–Ω–Ω–æ–π —Ä–µ–ø–∞—Ä–∞—Ü–∏–∏ (–≥–ª–∏–∫–æ–∑
                                                  –∏–ª–∞–∑—ã, –ê–ü-–Ω—É–∫–ª–...

You may provide a definition with
\DeclareUnicodeCharacter 


! Package inputenc Error: Unicode character –∏ (U+0438)
(inputenc)                not set up for use with LaTeX.

See the inputenc package documentation for explanation.
Type  H <return>  for immediate help.
 ...                                              
                                                  
l.1 ...–Ω–Ω–æ–π —Ä–µ–ø–∞—Ä–∞—Ü–∏–∏ (–≥–ª–∏–∫–æ–∑–∏
                                                  –ª–∞–∑—ã, –ê–ü-–Ω—É–∫–ª–µ–...

You may provide a definition with
\DeclareUnicodeCharacter 


! Package inputenc Error: Unicode character –ª (U+043B)
(inputenc)                not set up for use with LaTeX.

See the inputenc package documentation for explanation.
Type  H <return>  for immediate help.
 ...                                              
                                                  
l.1 ...–Ω–æ–π —Ä–µ–ø–∞—Ä–∞—Ü–∏–∏ (–≥–ª–∏–∫–æ–∑–∏–ª
                                                  –∞–∑—ã, –ê–ü-–Ω—É–∫–ª–µ–∞–...

You may provide a definition with
\DeclareUnicodeCharacter 


! Package inputenc Error: Unicode character –∞ (U+0430)
(inputenc)                not set up for use with LaTeX.

See the inputenc package documentation for explanation.
Type  H <return>  for immediate help.
 ...                                              
                                                  
l.1 ...–æ–π —Ä–µ–ø–∞—Ä–∞—Ü–∏–∏ (–≥–ª–∏–∫–æ–∑–∏–ª–∞
                                                  –∑—ã, –ê–ü-–Ω—É–∫–ª–µ–∞–∑—...

You may provide a definition with
\DeclareUnicodeCharacter 


! Package inputenc Error: Unicode character –∑ (U+0437)
(inputenc)                not set up for use with LaTeX.

See the inputenc package documentation for explanation.
Type  H <return>  for immediate help.
 ...                                              
                                                  
l.1 ...–π —Ä–µ–ø–∞—Ä–∞—Ü–∏–∏ (–≥–ª–∏–∫–æ–∑–∏–ª–∞–∑
                                                  —ã, –ê–ü-–Ω—É–∫–ª–µ–∞–∑—ã,...

You may provide a definition with
\DeclareUnicodeCharacter 


! Package inputenc Error: Unicode character —ã (U+044B)
(inputenc)                not set up for use with LaTeX.

See the inputenc package documentation for explanation.
Type  H <return>  for immediate help.
 ...                                              
                                                  
l.1 ... —Ä–µ–ø–∞—Ä–∞—Ü–∏–∏ (–≥–ª–∏–∫–æ–∑–∏–ª–∞–∑—ã
                                                  , –ê–ü-–Ω—É–∫–ª–µ–∞–∑—ã, U...

You may provide a definition with
\DeclareUnicodeCharacter 

Missing character: There is no , in font nullfont!

! Package inputenc Error: Unicode character –ê (U+0410)
(inputenc)                not set up for use with LaTeX.

See the inputenc package documentation for explanation.
Type  H <return>  for immediate help.
 ...                                              
                                                  
l.1 ...µ–ø–∞—Ä–∞—Ü–∏–∏ (–≥–ª–∏–∫–æ–∑–∏–ª–∞–∑—ã, –ê
                                                  –ü-–Ω—É–∫–ª–µ–∞–∑—ã, UvrAB...

You may provide a definition with
\DeclareUnicodeCharacter 


! Package inputenc Error: Unicode character –ü (U+041F)
(inputenc)                not set up for use with LaTeX.

See the inputenc package documentation for explanation.
Type  H <return>  for immediate help.
 ...                                              
                                                  
l.1 ...ø–∞—Ä–∞—Ü–∏–∏ (–≥–ª–∏–∫–æ–∑–∏–ª–∞–∑—ã, –ê–ü
                                                  -–Ω—É–∫–ª–µ–∞–∑—ã, UvrABCD...

You may provide a definition with
\DeclareUnicodeCharacter 

Missing character: There is no - in font nullfont!

! Package inputenc Error: Unicode character –Ω (U+043D)
(inputenc)                not set up for use with LaTeX.

See the inputenc package documentation for explanation.
Type  H <return>  for immediate help.
 ...                                              
                                                  
l.1 ...—Ä–∞—Ü–∏–∏ (–≥–ª–∏–∫–æ–∑–∏–ª–∞–∑—ã, –ê–ü-–Ω
                                                  —É–∫–ª–µ–∞–∑—ã, UvrABCD, –...

You may provide a definition with
\DeclareUnicodeCharacter 


! Package inputenc Error: Unicode character —É (U+0443)
(inputenc)                not set up for use with LaTeX.

See the inputenc package documentation for explanation.
Type  H <return>  for immediate help.
 ...                                              
                                                  
l.1 ...–∞—Ü–∏–∏ (–≥–ª–∏–∫–æ–∑–∏–ª–∞–∑—ã, –ê–ü-–Ω—É
                                                  –∫–ª–µ–∞–∑—ã, UvrABCD, –î–...

You may provide a definition with
\DeclareUnicodeCharacter 


! Package inputenc Error: Unicode character –∫ (U+043A)
(inputenc)                not set up for use with LaTeX.

See the inputenc package documentation for explanation.
Type  H <return>  for immediate help.
 ...                                              
                                                  
l.1 ...—Ü–∏–∏ (–≥–ª–∏–∫–æ–∑–∏–ª–∞–∑—ã, –ê–ü-–Ω—É–∫
                                                  –ª–µ–∞–∑—ã, UvrABCD, –î–ù–...

You may provide a definition with
\DeclareUnicodeCharacter 


! Package inputenc Error: Unicode character –ª (U+043B)
(inputenc)                not set up for use with LaTeX.

See the inputenc package documentation for explanation.
Type  H <return>  for immediate help.
 ...                                              
                                                  
l.1 ...–∏–∏ (–≥–ª–∏–∫–æ–∑–∏–ª–∞–∑—ã, –ê–ü-–Ω—É–∫–ª
                                                  –µ–∞–∑—ã, UvrABCD, –î–ù–ö-...

You may provide a definition with
\DeclareUnicodeCharacter 


! Package inputenc Error: Unicode character –µ (U+0435)
(inputenc)                not set up for use with LaTeX.

See the inputenc package documentation for explanation.
Type  H <return>  for immediate help.
 ...                                              
                                                  
l.1 ...–∏ (–≥–ª–∏–∫–æ–∑–∏–ª–∞–∑—ã, –ê–ü-–Ω—É–∫–ª–µ
                                                  –∞–∑—ã, UvrABCD, –î–ù–ö-–ø...

You may provide a definition with
\DeclareUnicodeCharacter 


! Package inputenc Error: Unicode character –∞ (U+0430)
(inputenc)                not set up for use with LaTeX.

See the inputenc package documentation for explanation.
Type  H <return>  for immediate help.
 ...                                              
                                                  
l.1 ... (–≥–ª–∏–∫–æ–∑–∏–ª–∞–∑—ã, –ê–ü-–Ω—É–∫–ª–µ–∞
                                                  –∑—ã, UvrABCD, –î–ù–ö-–ø–æ...

You may provide a definition with
\DeclareUnicodeCharacter 


! Package inputenc Error: Unicode character –∑ (U+0437)
(inputenc)                not set up for use with LaTeX.

See the inputenc package documentation for explanation.
Type  H <return>  for immediate help.
 ...                                              
                                                  
l.1 ...–≥–ª–∏–∫–æ–∑–∏–ª–∞–∑—ã, –ê–ü-–Ω—É–∫–ª–µ–∞–∑
                                                  —ã, UvrABCD, –î–ù–ö-–ø–æ–ª...

You may provide a definition with
\DeclareUnicodeCharacter 


! Package inputenc Error: Unicode character —ã (U+044B)
(inputenc)                not set up for use with LaTeX.

See the inputenc package documentation for explanation.
Type  H <return>  for immediate help.
 ...                                              
                                                  
l.1 ...–ª–∏–∫–æ–∑–∏–ª–∞–∑—ã, –ê–ü-–Ω—É–∫–ª–µ–∞–∑—ã
                                                  , UvrABCD, –î–ù–ö-–ø–æ–ª–∏...

You may provide a definition with
\DeclareUnicodeCharacter 

Missing character: There is no , in font nullfont!
Missing character: There is no U in font nullfont!
Missing character: There is no v in font nullfont!
Missing character: There is no r in font nullfont!
Missing character: There is no A in font nullfont!
Missing character: There is no B in font nullfont!
Missing character: There is no C in font nullfont!
Missing character: There is no D in font nullfont!
Missing character: There is no , in font nullfont!

! Package inputenc Error: Unicode character –î (U+0414)
(inputenc)                not set up for use with LaTeX.

See the inputenc package documentation for explanation.
Type  H <return>  for immediate help.
 ...                                              
                                                  
l.1 ...ª–∞–∑—ã, –ê–ü-–Ω—É–∫–ª–µ–∞–∑—ã, UvrABCD, –î
                                                  –ù–ö-–ø–æ–ª–∏–º–µ—Ä–∞–∑–∞ ...

You may provide a definition with
\DeclareUnicodeCharacter 


! Package inputenc Error: Unicode character –ù (U+041D)
(inputenc)                not set up for use with LaTeX.

See the inputenc package documentation for explanation.
Type  H <return>  for immediate help.
 ...                                              
                                                  
l.1 ...∞–∑—ã, –ê–ü-–Ω—É–∫–ª–µ–∞–∑—ã, UvrABCD, –î–ù
                                                  –ö-–ø–æ–ª–∏–º–µ—Ä–∞–∑–∞ II...

You may provide a definition with
\DeclareUnicodeCharacter 


! Package inputenc Error: Unicode character –ö (U+041A)
(inputenc)                not set up for use with LaTeX.

See the inputenc package documentation for explanation.
Type  H <return>  for immediate help.
 ...                                              
                                                  
l.1 ...∑—ã, –ê–ü-–Ω—É–∫–ª–µ–∞–∑—ã, UvrABCD, –î–ù–ö
                                                  -–ø–æ–ª–∏–º–µ—Ä–∞–∑–∞ II)....

You may provide a definition with
\DeclareUnicodeCharacter 

Missing character: There is no - in font nullfont!

! Package inputenc Error: Unicode character –ø (U+043F)
(inputenc)                not set up for use with LaTeX.

See the inputenc package documentation for explanation.
Type  H <return>  for immediate help.
 ...                                              
                                                  
l.1 ..., –ê–ü-–Ω—É–∫–ª–µ–∞–∑—ã, UvrABCD, –î–ù–ö-–ø
                                                  –æ–ª–∏–º–µ—Ä–∞–∑–∞ II). SO...

You may provide a definition with
\DeclareUnicodeCharacter 


! Package inputenc Error: Unicode character –æ (U+043E)
(inputenc)                not set up for use with LaTeX.

See the inputenc package documentation for explanation.
Type  H <return>  for immediate help.
 ...                                              
                                                  
l.1 ...–ê–ü-–Ω—É–∫–ª–µ–∞–∑—ã, UvrABCD, –î–ù–ö-–ø–æ
                                                  –ª–∏–º–µ—Ä–∞–∑–∞ II). SOS-...

You may provide a definition with
\DeclareUnicodeCharacter 


! Package inputenc Error: Unicode character –ª (U+043B)
(inputenc)                not set up for use with LaTeX.

See the inputenc package documentation for explanation.
Type  H <return>  for immediate help.
 ...                                              
                                                  
l.1 ...–ü-–Ω—É–∫–ª–µ–∞–∑—ã, UvrABCD, –î–ù–ö-–ø–æ–ª
                                                  –∏–º–µ—Ä–∞–∑–∞ II). SOS-–æ...

You may provide a definition with
\DeclareUnicodeCharacter 


! Package inputenc Error: Unicode character –∏ (U+0438)
(inputenc)                not set up for use with LaTeX.

See the inputenc package documentation for explanation.
Type  H <return>  for immediate help.
 ...                                              
                                                  
l.1 ...-–Ω—É–∫–ª–µ–∞–∑—ã, UvrABCD, –î–ù–ö-–ø–æ–ª–∏
                                                  –º–µ—Ä–∞–∑–∞ II). SOS-–æ—Ç...

You may provide a definition with
\DeclareUnicodeCharacter 


! Package inputenc Error: Unicode character –º (U+043C)
(inputenc)                not set up for use with LaTeX.

See the inputenc package documentation for explanation.
Type  H <return>  for immediate help.
 ...                                              
                                                  
l.1 ...Ω—É–∫–ª–µ–∞–∑—ã, UvrABCD, –î–ù–ö-–ø–æ–ª–∏–º
                                                  –µ—Ä–∞–∑–∞ II). SOS-–æ—Ç–≤...

You may provide a definition with
\DeclareUnicodeCharacter 


! Package inputenc Error: Unicode character –µ (U+0435)
(inputenc)                not set up for use with LaTeX.

See the inputenc package documentation for explanation.
Type  H <return>  for immediate help.
 ...                                              
                                                  
l.1 ...É–∫–ª–µ–∞–∑—ã, UvrABCD, –î–ù–ö-–ø–æ–ª–∏–º–µ
                                                  —Ä–∞–∑–∞ II). SOS-–æ—Ç–≤–µ...

You may provide a definition with
\DeclareUnicodeCharacter 


! Package inputenc Error: Unicode character —Ä (U+0440)
(inputenc)                not set up for use with LaTeX.

See the inputenc package documentation for explanation.
Type  H <return>  for immediate help.
 ...                                              
                                                  
l.1 ...∫–ª–µ–∞–∑—ã, UvrABCD, –î–ù–ö-–ø–æ–ª–∏–º–µ—Ä
                                                  –∞–∑–∞ II). SOS-–æ—Ç–≤–µ—Ç...

You may provide a definition with
\DeclareUnicodeCharacter 


! Package inputenc Error: Unicode character –∞ (U+0430)
(inputenc)                not set up for use with LaTeX.

See the inputenc package documentation for explanation.
Type  H <return>  for immediate help.
 ...                                              
                                                  
l.1 ...ª–µ–∞–∑—ã, UvrABCD, –î–ù–ö-–ø–æ–ª–∏–º–µ—Ä–∞
                                                  –∑–∞ II). SOS-–æ—Ç–≤–µ—Ç –...

You may provide a definition with
\DeclareUnicodeCharacter 


! Package inputenc Error: Unicode character –∑ (U+0437)
(inputenc)                not set up for use with LaTeX.

See the inputenc package documentation for explanation.
Type  H <return>  for immediate help.
 ...                                              
                                                  
l.1 ...µ–∞–∑—ã, UvrABCD, –î–ù–ö-–ø–æ–ª–∏–º–µ—Ä–∞–∑
                                                  –∞ II). SOS-–æ—Ç–≤–µ—Ç –±–...

You may provide a definition with
\DeclareUnicodeCharacter 


! Package inputenc Error: Unicode character –∞ (U+0430)
(inputenc)                not set up for use with LaTeX.

See the inputenc package documentation for explanation.
Type  H <return>  for immediate help.
 ...                                              
                                                  
l.1 ...∞–∑—ã, UvrABCD, –î–ù–ö-–ø–æ–ª–∏–º–µ—Ä–∞–∑–∞
                                                   II). SOS-–æ—Ç–≤–µ—Ç –±–∞–...

You may provide a definition with
\DeclareUnicodeCharacter 

Missing character: There is no I in font nullfont!
Missing character: There is no I in font nullfont!
Missing character: There is no ) in font nullfont!
Missing character: There is no . in font nullfont!
Missing character: There is no S in font nullfont!
Missing character: There is no O in font nullfont!
Missing character: There is no S in font nullfont!
Missing character: There is no - in font nullfont!

! Package inputenc Error: Unicode character –æ (U+043E)
(inputenc)                not set up for use with LaTeX.

See the inputenc package documentation for explanation.
Type  H <return>  for immediate help.
 ...                                              
                                                  
l.1 ...CD, –î–ù–ö-–ø–æ–ª–∏–º–µ—Ä–∞–∑–∞ II). SOS-–æ
                                                  —Ç–≤–µ—Ç –±–∞–∫—Ç–µ—Ä–∏–π....

You may provide a definition with
\DeclareUnicodeCharacter 


! Package inputenc Error: Unicode character —Ç (U+0442)
(inputenc)                not set up for use with LaTeX.

See the inputenc package documentation for explanation.
Type  H <return>  for immediate help.
 ...                                              
                                                  
l.1 ..., –î–ù–ö-–ø–æ–ª–∏–º–µ—Ä–∞–∑–∞ II). SOS-–æ—Ç
                                                  –≤–µ—Ç –±–∞–∫—Ç–µ—Ä–∏–π. –...

You may provide a definition with
\DeclareUnicodeCharacter 


! Package inputenc Error: Unicode character –≤ (U+0432)
(inputenc)                not set up for use with LaTeX.

See the inputenc package documentation for explanation.
Type  H <return>  for immediate help.
 ...                                              
                                                  
l.1 ...–î–ù–ö-–ø–æ–ª–∏–º–µ—Ä–∞–∑–∞ II). SOS-–æ—Ç–≤
                                                  –µ—Ç –±–∞–∫—Ç–µ—Ä–∏–π. –†–...

You may provide a definition with
\DeclareUnicodeCharacter 


! Package inputenc Error: Unicode character –µ (U+0435)
(inputenc)                not set up for use with LaTeX.

See the inputenc package documentation for explanation.
Type  H <return>  for immediate help.
 ...                                              
                                                  
l.1 ...–ù–ö-–ø–æ–ª–∏–º–µ—Ä–∞–∑–∞ II). SOS-–æ—Ç–≤–µ
                                                  —Ç –±–∞–∫—Ç–µ—Ä–∏–π. –†–æ–...
(That makes 100 errors; please try again.) 
Here is how much of TeX's memory you used:
 46 strings out of 479916
 718 string characters out of 5886648
 262899 words of memory out of 5000000
 16723 multiletter control sequences out of 15000+600000
 535088 words of font info for 29 fonts, out of 8000000 for 9000
 1141 hyphenation exceptions out of 8191
 13i,0n,15p,356b,45s stack positions out of 5000i,500n,10000p,200000b,80000s

!  ==> Fatal error occurred, no output PDF file produced!
