\BOOKMARK [1][-]{section.1}{\376\377\004\104\004\070\000\040\0002\0009\000\040\000D\000N\000A\000\040\000p\000o\000l\000y\000m\000e\000r\000a\000s\000e}{}% 1
\BOOKMARK [2][-]{subsection.1.1}{\376\377\004\035\004\076\004\100\004\074\004\060\004\073\004\114\004\075\004\076\004\065\000\040\004\075\004\060\004\067\004\062\004\060\004\075\004\070\004\065}{section.1}% 2
\BOOKMARK [2][-]{subsection.1.2}{\376\377\004\020\004\061\004\101\004\102\004\100\004\060\004\072\004\102}{section.1}% 3
\BOOKMARK [2][-]{subsection.1.3}{\376\377\004\032\004\060\004\100\004\102\004\070\004\075\004\072\004\070}{section.1}% 4
\BOOKMARK [1][-]{section.2}{\376\377\000P\000N\000A\000-\000D\000N\000A\000d\000C\0005\000\040\000s\000t\000r\000u\000c\000t\000u\000r\000e\000\040\0002\0000\0001\0007}{}% 5
\BOOKMARK [2][-]{subsection.2.1}{\376\377\004\035\004\076\004\100\004\074\004\060\004\073\004\114\004\075\004\076\004\065\000\040\004\075\004\060\004\067\004\062\004\060\004\075\004\070\004\065}{section.2}% 6
\BOOKMARK [2][-]{subsection.2.2}{\376\377\004\020\004\061\004\101\004\102\004\100\004\060\004\072\004\102}{section.2}% 7
\BOOKMARK [2][-]{subsection.2.3}{\376\377\004\032\004\060\004\100\004\102\004\070\004\075\004\072\004\070}{section.2}% 8
\BOOKMARK [1][-]{section.3}{\376\377\000R\000e\000c\000A}{}% 9
\BOOKMARK [2][-]{subsection.3.1}{\376\377\004\035\004\076\004\100\004\074\004\060\004\073\004\114\004\075\004\076\004\065\000\040\004\075\004\060\004\067\004\062\004\060\004\075\004\070\004\065}{section.3}% 10
\BOOKMARK [2][-]{subsection.3.2}{\376\377\004\020\004\061\004\101\004\102\004\100\004\060\004\072\004\102}{section.3}% 11
\BOOKMARK [2][-]{subsection.3.3}{\376\377\004\032\004\060\004\100\004\102\004\070\004\075\004\072\004\070}{section.3}% 12
\BOOKMARK [1][-]{section.4}{\376\377\000E\000n\000g\000i\000n\000e\000e\000r\000i\000n\000g\000\040\000o\000f\000\040\000a\000\040\000n\000o\000v\000e\000l\000\040\000t\000r\000i\000-\000f\000u\000n\000c\000t\000i\000o\000n\000a\000l\000\040\000e\000n\000z\000y\000m\000e\000\040\000w\000i\000t\000h\000\040\000M\000n\000S\000O\000D\000,\000\040\000c\000a\000t\000a\000l\000a\000s\000e\000\040\000a\000n\000d\000\040\000c\000e\000l\000l\000-\000p\000e\000r\000m\000e\000a\000b\000l\000e\000\040\000a\000c\000t\000i\000v\000i\000t\000i\000e\000s}{}% 13
\BOOKMARK [2][-]{subsection.4.1}{\376\377\004\035\004\076\004\100\004\074\004\060\004\073\004\114\004\075\004\076\004\065\000\040\004\075\004\060\004\067\004\062\004\060\004\075\004\070\004\065}{section.4}% 14
\BOOKMARK [2][-]{subsection.4.2}{\376\377\004\020\004\061\004\101\004\102\004\100\004\060\004\072\004\102}{section.4}% 15
\BOOKMARK [2][-]{subsection.4.3}{\376\377\004\032\004\060\004\100\004\102\004\070\004\075\004\072\004\070}{section.4}% 16
\BOOKMARK [1][-]{section.5}{\376\377\000T\000h\000e\000\040\000r\000i\000b\000o\000s\000o\000m\000e\000\040\000a\000s\000\040\000a\000\040\000m\000i\000s\000s\000i\000n\000g\000\040\000l\000i\000n\000k\000\040\000i\000n\000\040\000p\000r\000e\000b\000i\000o\000t\000i\000c\000\040\000e\000v\000o\000l\000u\000t\000i\000o\000n\000\040\000I\000I\000:\000\040\000R\000i\000b\000o\000s\000o\000m\000e\000s\000\040\000e\000n\000c\000o\000d\000e\000\040\000r\000i\000b\000o\000s\000o\000m\000a\000l\000\040\000p\000r\000o\000t\000e\000i\000n\000s\000\040\000t\000h\000a\000t\000\040\000b\000i\000n\000d\000\040\000t\000o\000\040\000c\000o\000m\000m\000o\000n\000\040\000r\000e\000g\000i\000o\000n\000s\000\040\000o\000f\000\040\000t\000h\000e\000i\000r\000\040\000o\000w\000n\000\040\000m\000R\000N\000A\000s\000\040\000a\000n\000d\000\040\000r\000R\000N\000A\000s}{}% 17
\BOOKMARK [2][-]{subsection.5.1}{\376\377\004\035\004\076\004\100\004\074\004\060\004\073\004\114\004\075\004\076\004\065\000\040\004\075\004\060\004\067\004\062\004\060\004\075\004\070\004\065}{section.5}% 18
\BOOKMARK [2][-]{subsection.5.2}{\376\377\004\020\004\061\004\101\004\102\004\100\004\060\004\072\004\102}{section.5}% 19
\BOOKMARK [3][-]{subsubsection.5.2.1}{\376\377\004\037\004\076\004\117\004\101\004\075\004\065\004\075\004\070\004\117\000\040\004\072\000\040\004\062\004\113\004\110\004\065\004\103\004\072\004\060\004\067\004\060\004\075\004\075\004\076\004\074\004\103}{subsection.5.2}% 20
\BOOKMARK [2][-]{subsection.5.3}{\376\377\004\032\004\060\004\100\004\102\004\070\004\075\004\072\004\070}{section.5}% 21
\BOOKMARK [1][-]{section.6}{\376\377\000E\000r\000r\000o\000r\000-\000p\000r\000o\000n\000e\000\040\000P\000C\000R\000\040\000o\000f\000\040\000a\000\040\000f\000u\000n\000g\000a\000l\000\040\000x\000y\000l\000a\000n\000a\000s\000e\000\040\000f\000o\000r\000\040\000i\000m\000p\000r\000o\000v\000e\000m\000e\000n\000t\000\040\000o\000f\000\040\000i\000t\000s\000\040\000a\000l\000k\000a\000l\000i\000n\000e\000\040\000a\000n\000d\000\040\000t\000h\000e\000r\000m\000a\000l\000\040\000s\000t\000a\000b\000i\000l\000i\000t\000y}{}% 22
\BOOKMARK [2][-]{subsection.6.1}{\376\377\004\035\004\076\004\100\004\074\004\060\004\073\004\114\004\075\004\076\004\065\000\040\004\075\004\060\004\067\004\062\004\060\004\075\004\070\004\065}{section.6}% 23
\BOOKMARK [3][-]{subsubsection.6.1.1}{\376\377\004\037\004\076\004\117\004\101\004\075\004\065\004\075\004\070\004\117\000\040\004\072\000\040\004\062\004\113\004\110\004\065\004\101\004\072\004\060\004\067\004\060\004\075\004\075\004\076\004\074\004\103}{subsection.6.1}% 24
\BOOKMARK [2][-]{subsection.6.2}{\376\377\004\020\004\061\004\101\004\102\004\100\004\060\004\072\004\102}{section.6}% 25
\BOOKMARK [2][-]{subsection.6.3}{\376\377\004\032\004\060\004\100\004\102\004\070\004\075\004\072\004\070}{section.6}% 26
\BOOKMARK [1][-]{section.7}{\376\377\000A\000\040\000S\000i\000n\000g\000l\000e\000\040\000P\000r\000o\000m\000o\000t\000e\000r\000\040\000I\000n\000v\000e\000r\000s\000i\000o\000n\000\040\000S\000w\000i\000t\000c\000h\000e\000s\000\040\000P\000h\000o\000t\000o\000r\000h\000a\000b\000d\000u\000s\000\040\000B\000e\000t\000w\000e\000e\000n\000\040\000P\000a\000t\000h\000o\000g\000e\000n\000i\000c\000\040\000a\000n\000d\000\040\000M\000u\000t\000u\000a\000l\000i\000s\000t\000i\000c\000\040\000S\000t\000a\000t\000e\000s}{}% 27
\BOOKMARK [2][-]{subsection.7.1}{\376\377\004\035\004\076\004\100\004\074\004\060\004\073\004\114\004\075\004\076\004\065\000\040\004\075\004\060\004\067\004\062\004\060\004\075\004\070\004\065}{section.7}% 28
\BOOKMARK [2][-]{subsection.7.2}{\376\377\004\020\004\061\004\101\004\102\004\100\004\060\004\072\004\102}{section.7}% 29
\BOOKMARK [2][-]{subsection.7.3}{\376\377\004\032\004\060\004\100\004\102\004\070\004\075\004\072\004\070}{section.7}% 30
\BOOKMARK [1][-]{section.8}{}{}% 31
\BOOKMARK [2][-]{subsection.8.1}{}{section.8}% 32
\BOOKMARK [2][-]{subsection.8.2}{}{section.8}% 33
\BOOKMARK [2][-]{subsection.8.3}{}{section.8}% 34
\BOOKMARK [1][-]{section.9}{}{}% 35
\BOOKMARK [2][-]{subsection.9.1}{}{section.9}% 36
\BOOKMARK [2][-]{subsection.9.2}{}{section.9}% 37
\BOOKMARK [2][-]{subsection.9.3}{}{section.9}% 38
\BOOKMARK [1][-]{section.10}{}{}% 39
\BOOKMARK [2][-]{subsection.10.1}{}{section.10}% 40
\BOOKMARK [2][-]{subsection.10.2}{}{section.10}% 41
\BOOKMARK [2][-]{subsection.10.3}{}{section.10}% 42
\BOOKMARK [1][-]{section.11}{}{}% 43
\BOOKMARK [2][-]{subsection.11.1}{}{section.11}% 44
\BOOKMARK [2][-]{subsection.11.2}{}{section.11}% 45
\BOOKMARK [2][-]{subsection.11.3}{}{section.11}% 46
\BOOKMARK [1][-]{section.12}{}{}% 47
\BOOKMARK [2][-]{subsection.12.1}{}{section.12}% 48
\BOOKMARK [2][-]{subsection.12.2}{}{section.12}% 49
\BOOKMARK [2][-]{subsection.12.3}{}{section.12}% 50
\BOOKMARK [1][-]{section.13}{}{}% 51
\BOOKMARK [2][-]{subsection.13.1}{}{section.13}% 52
\BOOKMARK [2][-]{subsection.13.2}{}{section.13}% 53
\BOOKMARK [2][-]{subsection.13.3}{}{section.13}% 54
\BOOKMARK [1][-]{section.14}{}{}% 55
\BOOKMARK [2][-]{subsection.14.1}{}{section.14}% 56
\BOOKMARK [2][-]{subsection.14.2}{}{section.14}% 57
\BOOKMARK [2][-]{subsection.14.3}{}{section.14}% 58
\BOOKMARK [1][-]{section.15}{}{}% 59
\BOOKMARK [2][-]{subsection.15.1}{}{section.15}% 60
\BOOKMARK [2][-]{subsection.15.2}{}{section.15}% 61
\BOOKMARK [2][-]{subsection.15.3}{}{section.15}% 62
\BOOKMARK [1][-]{section.16}{}{}% 63
\BOOKMARK [2][-]{subsection.16.1}{}{section.16}% 64
\BOOKMARK [2][-]{subsection.16.2}{}{section.16}% 65
\BOOKMARK [2][-]{subsection.16.3}{}{section.16}% 66
\BOOKMARK [1][-]{section.17}{}{}% 67
\BOOKMARK [2][-]{subsection.17.1}{}{section.17}% 68
\BOOKMARK [2][-]{subsection.17.2}{}{section.17}% 69
\BOOKMARK [2][-]{subsection.17.3}{}{section.17}% 70
\BOOKMARK [1][-]{section.18}{}{}% 71
\BOOKMARK [2][-]{subsection.18.1}{}{section.18}% 72
\BOOKMARK [2][-]{subsection.18.2}{}{section.18}% 73
\BOOKMARK [2][-]{subsection.18.3}{}{section.18}% 74
\BOOKMARK [1][-]{section.19}{}{}% 75
\BOOKMARK [2][-]{subsection.19.1}{}{section.19}% 76
\BOOKMARK [2][-]{subsection.19.2}{}{section.19}% 77
\BOOKMARK [2][-]{subsection.19.3}{}{section.19}% 78
\BOOKMARK [1][-]{section.20}{}{}% 79
\BOOKMARK [2][-]{subsection.20.1}{}{section.20}% 80
\BOOKMARK [2][-]{subsection.20.2}{}{section.20}% 81
\BOOKMARK [2][-]{subsection.20.3}{}{section.20}% 82
\BOOKMARK [1][-]{section.21}{}{}% 83
\BOOKMARK [2][-]{subsection.21.1}{}{section.21}% 84
\BOOKMARK [2][-]{subsection.21.2}{}{section.21}% 85
\BOOKMARK [2][-]{subsection.21.3}{}{section.21}% 86
